INFO:  ANSI Code Page: 1252
INFO:  latexindent.exe version 3.24.5, 2025-03-13, a script to indent .tex files
       latexindent.exe lives here: C:/texlive/2025/bin/windows/
       Thu Apr 10 07:50:56 2025
       Filename: h:\enit\S8\Compte rendu composite\main.tex
INFO:  Processing switches:
INFO:  Directory for backup files and log file indent.log:
       h:\enit\S8\Compte rendu composite
INFO:  YAML settings read: defaultSettings.yaml
       Reading defaultSettings.yaml from C:/texlive/2025/bin/windows/defaultSettings.yaml
       Reading defaultSettings.yaml (2nd attempt) from C:/texlive/2025/bin/windows/../../texmf-dist/scripts/latexindent/defaultSettings.yaml
       and then, if necessary, C:/texlive/2025/bin/windows/LatexIndent/defaultSettings.yaml
INFO:  YAML reading settings
       Home directory is C:\Users\Utilisateur
       latexindent.pl didn't find indentconfig.yaml or .indentconfig.yaml
       see all possible locations: https://latexindentpl.readthedocs.io/en/latest/sec-appendices.html#indentconfig-options)
INFO:  Phase 1: searching for objects
INFO:  Phase 2: finding surrounding indentation
INFO:  Phase 3: indenting objects
INFO:  Phase 4: final indentation check
INFO:  Output routine:
       Not outputting to file; see -w and -o switches for more options.
       --------------
INFO:  Please direct all communication/issues to:
        https://github.com/cmhughes/latexindent.pl
